<?xml version="1.0" encoding="UTF-8"?>
<!-- Generated by org.testng.reporters.JUnitXMLReporter -->
<testsuite hostname="LAPTOP-SGQGTNE1" ignored="0" name="Test" tests="1" failures="1" timestamp="14 Jan 2020 01:16:16 GMT" time="0.136" errors="0">
  <testcase name="chromeBrowser" time="0.096" classname="Launch.launchBrowser">
    <failure type="java.lang.IllegalStateException" message="The driver executable does not exist: C:\Users\Maninder Singh Tuli\eclipse-workspace\AutomationMADT\Browser_Files\chromedriver.exe">
      <![CDATA[java.lang.IllegalStateException: The driver executable does not exist: C:\Users\Maninder Singh Tuli\eclipse-workspace\AutomationMADT\Browser_Files\chromedriver.exe
at com.google.common.base.Preconditions.checkState(Preconditions.java:199)
at org.openqa.selenium.remote.service.DriverService.checkExecutable(DriverService.java:121)
at org.openqa.selenium.remote.service.DriverService.findExecutable(DriverService.java:116)
at org.openqa.selenium.chrome.ChromeDriverService.access$000(ChromeDriverService.java:32)
at org.openqa.selenium.chrome.ChromeDriverService$Builder.findDefaultExecutable(ChromeDriverService.java:137)
at org.openqa.selenium.remote.service.DriverService$Builder.build(DriverService.java:296)
at org.openqa.selenium.chrome.ChromeDriverService.createDefaultService(ChromeDriverService.java:88)
at org.openqa.selenium.chrome.ChromeDriver.<init>(ChromeDriver.java:142)
at Launch.launchBrowser.chromeBrowser(launchBrowser.java:24)
... Removed 25 stack frames]]>
    </failure>
  </testcase> <!-- chromeBrowser -->
</testsuite> <!-- Test -->
