<?xml version="1.0" encoding="UTF-8"?>
<testng-results skipped="0" failed="0" ignored="0" total="1" passed="1">
  <reporter-output>
  </reporter-output>
  <suite name="Default suite" duration-ms="11498" started-at="2020-01-20T23:28:34Z" finished-at="2020-01-20T23:28:45Z">
    <groups>
    </groups>
    <test name="Default test" duration-ms="11498" started-at="2020-01-20T23:28:34Z" finished-at="2020-01-20T23:28:45Z">
      <class name="Launch.launchBrowser">
        <test-method status="PASS" signature="chromeBrowser()[pri:0, instance:Launch.launchBrowser@9a7504c]" name="chromeBrowser" duration-ms="11467" started-at="2020-01-20T23:28:34Z" finished-at="2020-01-20T23:28:45Z">
          <reporter-output>
          </reporter-output>
        </test-method> <!-- chromeBrowser -->
      </class> <!-- Launch.launchBrowser -->
    </test> <!-- Default test -->
  </suite> <!-- Default suite -->
</testng-results>
